生成启动时间为 2017/11/23 22:01:11。
     1>项目“E:\CPPWorkspace\helloworld\helloworld.vcxproj”在节点 2 上(build 个目标)。
     1>InitializeBuildStatus:
         正在创建“Debug\helloworld.unsuccessfulbuild”，因为已指定“AlwaysCreate”。
       ClCompile:
         D:\Program Files\Microsoft Visual Studio 10.0\VC\bin\CL.exe /c /ZI /nologo /W3 /WX- /Od /Oy- /D _MBCS /Gm /EHsc /RTC1 /MDd /GS /fp:precise /Zc:wchar_t /Zc:forScope /Fo"Debug\\" /Fd"Debug\vc100.pdb" /Gd /TP /analyze- /errorReport:prompt Box.cpp main.cpp
         main.cpp
         Box.cpp
         正在生成代码...
       Link:
         D:\Program Files\Microsoft Visual Studio 10.0\VC\bin\link.exe /ERRORREPORT:PROMPT /OUT:"E:\CPPWorkspace\helloworld\Debug\helloworld.exe" /NOLOGO kernel32.lib user32.lib gdi32.lib winspool.lib comdlg32.lib advapi32.lib shell32.lib ole32.lib oleaut32.lib uuid.lib odbc32.lib odbccp32.lib /MANIFEST /ManifestFile:"Debug\helloworld.exe.intermediate.manifest" /MANIFESTUAC:"level='asInvoker' uiAccess='false'" /DEBUG /PDB:"E:\CPPWorkspace\helloworld\Debug\helloworld.pdb" /TLBID:1 /DYNAMICBASE /NXCOMPAT /IMPLIB:"E:\CPPWorkspace\helloworld\Debug\helloworld.lib" /MACHINE:X86 Debug\Box.obj
         Debug\main.obj
         helloworld.vcxproj -> E:\CPPWorkspace\helloworld\Debug\helloworld.exe
       Manifest:
         C:\Program Files\Microsoft SDKs\Windows\v7.0A\bin\mt.exe /nologo /verbose /outputresource:"E:\CPPWorkspace\helloworld\Debug\helloworld.exe;#1" /manifest Debug\helloworld.exe.intermediate.manifest
       FinalizeBuildStatus:
         正在删除文件“Debug\helloworld.unsuccessfulbuild”。
         正在对“Debug\helloworld.lastbuildstate”执行 Touch 任务。
     1>已完成生成项目“E:\CPPWorkspace\helloworld\helloworld.vcxproj”(build 个目标)的操作。

生成成功。

已用时间 00:00:04.28
